[0m22:17:58.666515 [debug] [MainThread]: Sending event: {'category': 'dbt', 'action': 'invocation', 'label': 'start', 'context': [<snowplow_tracker.self_describing_json.SelfDescribingJson object at 0x00000144F85CDA90>, <snowplow_tracker.self_describing_json.SelfDescribingJson object at 0x00000144F5DA3ED0>, <snowplow_tracker.self_describing_json.SelfDescribingJson object at 0x00000144FA9DB9D0>]}


============================== 22:17:58.714150 | 0fcc5589-9497-4f94-ab69-1eada7149099 ==============================
[0m22:17:58.714150 [info ] [MainThread]: Running with dbt=1.11.11
[0m22:17:58.714857 [debug] [MainThread]: running dbt with arguments {'version_check': 'True', 'no_print': 'None', 'static_parser': 'True', 'target_path': 'None', 'warn_error_options': 'WarnErrorOptionsV2(error=[], warn=[], silence=[])', 'printer_width': '80', 'write_json': 'True', 'empty': 'None', 'log_cache_events': 'False', 'introspect': 'True', 'cache_selected_only': 'False', 'log_format': 'default', 'debug': 'False', 'fail_fast': 'False', 'partial_parse': 'True', 'send_anonymous_usage_stats': 'True', 'quiet': 'False', 'warn_error': 'None', 'profiles_dir': 'C:\\Users\\caiog\\.dbt', 'indirect_selection': 'eager', 'invocation_command': 'dbt init prouni_elt', 'use_colors': 'True', 'use_experimental_parser': 'False', 'log_path': 'logs'}
[0m22:17:58.943192 [info ] [MainThread]: Creating dbt configuration folder at C:\Users\caiog\.dbt
[0m22:17:58.951286 [debug] [MainThread]: Starter project path: C:\Users\caiog\OneDrive\Documentos\Projeto Integracao BD\Projeto-Pipeline-PROUNI-BD26.1-gp08\dbt-env\Lib\site-packages\dbt\include\starter_project
[0m22:17:58.985230 [info ] [MainThread]: 
Your new dbt project "prouni_elt" was created!

For more information on how to configure the profiles.yml file,
please consult the dbt documentation here:

  https://docs.getdbt.com/docs/configure-your-profile

One more thing:

Need help? Don't hesitate to reach out to us via GitHub issues or on Slack:

  https://community.getdbt.com/

Happy modeling!

[0m22:17:58.985771 [info ] [MainThread]: Setting up your profile.
[0m22:22:56.039438 [info ] [MainThread]: Profile prouni_elt written to C:\Users\caiog\.dbt\profiles.yml using target's profile_template.yml and your supplied values. Run 'dbt debug' to validate the connection.
[0m22:22:56.040823 [debug] [MainThread]: Command `dbt init` succeeded at 22:22:56.040691 after 297.48 seconds
[0m22:22:56.041151 [debug] [MainThread]: Sending event: {'category': 'dbt', 'action': 'invocation', 'label': 'end', 'context': [<snowplow_tracker.self_describing_json.SelfDescribingJson object at 0x00000144FABB0510>, <snowplow_tracker.self_describing_json.SelfDescribingJson object at 0x00000144FAB3DA30>, <snowplow_tracker.self_describing_json.SelfDescribingJson object at 0x00000144FA82F8A0>]}
[0m22:22:56.041485 [debug] [MainThread]: Flushing usage events
[0m22:22:56.727511 [debug] [MainThread]: An error was encountered while trying to flush usage events
